<html>
<head>
<title>TestNG:  testngTest</title>
<link href="../testng.css" rel="stylesheet" type="text/css" />
<link href="../my-testng.css" rel="stylesheet" type="text/css" />

<style type="text/css">
.log { display: none;} 
.stack-trace { display: none;} 
</style>
<script type="text/javascript">
<!--
function flip(e) {
  current = e.style.display;
  if (current == 'block') {
    e.style.display = 'none';
    return 0;
  }
  else {
    e.style.display = 'block';
    return 1;
  }
}

function toggleBox(szDivId, elem, msg1, msg2)
{
  var res = -1;  if (document.getElementById) {
    res = flip(document.getElementById(szDivId));
  }
  else if (document.all) {
    // this is the way old msie versions work
    res = flip(document.all[szDivId]);
  }
  if(elem) {
    if(res == 0) elem.innerHTML = msg1; else elem.innerHTML = msg2;
  }

}

function toggleAllBoxes() {
  if (document.getElementsByTagName) {
    d = document.getElementsByTagName('div');
    for (i = 0; i < d.length; i++) {
      if (d[i].className == 'log') {
        flip(d[i]);
      }
    }
  }
}

// -->
</script>

</head>
<body>
<h2 align='center'>testngTest</h2><table border='1' align="center">
<tr>
<td>Tests passed/Failed/Skipped:</td><td>30/8/0</td>
</tr><tr>
<td>Started on:</td><td>Mon Jun 15 09:34:23 IST 2020</td>
</tr>
<tr><td>Total time:</td><td>20 seconds (20558 ms)</td>
</tr><tr>
<td>Included groups:</td><td></td>
</tr><tr>
<td>Excluded groups:</td><td></td>
</tr>
</table><p/>
<small><i>(Hover the method name to see the test class name)</i></small><p/>
<table width='100%' border='1' class='invocation-failed'>
<tr><td colspan='4' align='center'><b>FAILED TESTS</b></td></tr>
<tr><td><b>Test method</b></td>
<td width="30%"><b>Exception</b></td>
<td width="10%"><b>Time (seconds)</b></td>
<td><b>Instance</b></td>
</tr>
<tr>
<td title='com.restapi_TestCases.TC003_Post_New_Employee.checkContentEncodingType()'><b>checkContentEncodingType</b><br>Test class: com.restapi_TestCases.TC003_Post_New_Employee</td>
<td><div><pre>java.lang.AssertionError: expected [gzip] but found [null]
	at com.restapi_TestCases.TC003_Post_New_Employee.checkContentEncodingType(TC003_Post_New_Employee.java:97)
	at java.base/java.util.ArrayList.forEach(ArrayList.java:1540)
... Removed 33 stack frames</pre></div><a href='#' onClick='toggleBox("stack-trace386040589", this, "Click to show all stack frames", "Click to hide stack frames")'>Click to show all stack frames</a>
<div class='stack-trace' id='stack-trace386040589'><pre>java.lang.AssertionError: expected [gzip] but found [null]
	at org.testng.Assert.fail(Assert.java:97)
	at org.testng.Assert.failNotEquals(Assert.java:969)
	at org.testng.Assert.assertEqualsImpl(Assert.java:131)
	at org.testng.Assert.assertEquals(Assert.java:118)
	at org.testng.Assert.assertEquals(Assert.java:575)
	at org.testng.Assert.assertEquals(Assert.java:585)
	at com.restapi_TestCases.TC003_Post_New_Employee.checkContentEncodingType(TC003_Post_New_Employee.java:97)
	at java.base/jdk.internal.reflect.NativeMethodAccessorImpl.invoke0(Native Method)
	at java.base/jdk.internal.reflect.NativeMethodAccessorImpl.invoke(NativeMethodAccessorImpl.java:62)
	at java.base/jdk.internal.reflect.DelegatingMethodAccessorImpl.invoke(DelegatingMethodAccessorImpl.java:43)
	at java.base/java.lang.reflect.Method.invoke(Method.java:567)
	at org.testng.internal.MethodInvocationHelper.invokeMethod(MethodInvocationHelper.java:134)
	at org.testng.internal.TestInvoker.invokeMethod(TestInvoker.java:597)
	at org.testng.internal.TestInvoker.invokeTestMethod(TestInvoker.java:173)
	at org.testng.internal.MethodRunner.runInSequence(MethodRunner.java:46)
	at org.testng.internal.TestInvoker$MethodInvocationAgent.invoke(TestInvoker.java:816)
	at org.testng.internal.TestInvoker.invokeTestMethods(TestInvoker.java:146)
	at org.testng.internal.TestMethodWorker.invokeTestMethods(TestMethodWorker.java:146)
	at org.testng.internal.TestMethodWorker.run(TestMethodWorker.java:128)
	at java.base/java.util.ArrayList.forEach(ArrayList.java:1540)
	at org.testng.TestRunner.privateRun(TestRunner.java:766)
	at org.testng.TestRunner.run(TestRunner.java:587)
	at org.testng.SuiteRunner.runTest(SuiteRunner.java:384)
	at org.testng.SuiteRunner.runSequentially(SuiteRunner.java:378)
	at org.testng.SuiteRunner.privateRun(SuiteRunner.java:337)
	at org.testng.SuiteRunner.run(SuiteRunner.java:286)
	at org.testng.SuiteRunnerWorker.runSuite(SuiteRunnerWorker.java:53)
	at org.testng.SuiteRunnerWorker.run(SuiteRunnerWorker.java:96)
	at org.testng.TestNG.runSuitesSequentially(TestNG.java:1187)
	at org.testng.TestNG.runSuitesLocally(TestNG.java:1109)
	at org.testng.TestNG.runSuites(TestNG.java:1039)
	at org.testng.TestNG.run(TestNG.java:1007)
	at org.testng.remote.AbstractRemoteTestNG.run(AbstractRemoteTestNG.java:115)
	at org.testng.remote.RemoteTestNG.initAndRun(RemoteTestNG.java:251)
	at org.testng.remote.RemoteTestNG.main(RemoteTestNG.java:77)
</pre></div></td>
<td>0</td>
<td>com.restapi_TestCases.TC003_Post_New_Employee@51e5fc98</td></tr>
<tr>
<td title='com.restapi_TestCases.TC004_update_Existing_EmployeeRecord.checkContentType()'><b>checkContentType</b><br>Test class: com.restapi_TestCases.TC004_update_Existing_EmployeeRecord</td>
<td><div><pre>java.lang.AssertionError: expected [application/json;charset=utf-8] but found [text/html;charset=UTF-8]
	at com.restapi_TestCases.TC004_update_Existing_EmployeeRecord.checkContentType(TC004_update_Existing_EmployeeRecord.java:80)
	at java.base/java.util.ArrayList.forEach(ArrayList.java:1540)
... Removed 32 stack frames</pre></div><a href='#' onClick='toggleBox("stack-trace1689498062", this, "Click to show all stack frames", "Click to hide stack frames")'>Click to show all stack frames</a>
<div class='stack-trace' id='stack-trace1689498062'><pre>java.lang.AssertionError: expected [application/json;charset=utf-8] but found [text/html;charset=UTF-8]
	at org.testng.Assert.fail(Assert.java:97)
	at org.testng.Assert.assertEqualsImpl(Assert.java:136)
	at org.testng.Assert.assertEquals(Assert.java:118)
	at org.testng.Assert.assertEquals(Assert.java:575)
	at org.testng.Assert.assertEquals(Assert.java:585)
	at com.restapi_TestCases.TC004_update_Existing_EmployeeRecord.checkContentType(TC004_update_Existing_EmployeeRecord.java:80)
	at java.base/jdk.internal.reflect.NativeMethodAccessorImpl.invoke0(Native Method)
	at java.base/jdk.internal.reflect.NativeMethodAccessorImpl.invoke(NativeMethodAccessorImpl.java:62)
	at java.base/jdk.internal.reflect.DelegatingMethodAccessorImpl.invoke(DelegatingMethodAccessorImpl.java:43)
	at java.base/java.lang.reflect.Method.invoke(Method.java:567)
	at org.testng.internal.MethodInvocationHelper.invokeMethod(MethodInvocationHelper.java:134)
	at org.testng.internal.TestInvoker.invokeMethod(TestInvoker.java:597)
	at org.testng.internal.TestInvoker.invokeTestMethod(TestInvoker.java:173)
	at org.testng.internal.MethodRunner.runInSequence(MethodRunner.java:46)
	at org.testng.internal.TestInvoker$MethodInvocationAgent.invoke(TestInvoker.java:816)
	at org.testng.internal.TestInvoker.invokeTestMethods(TestInvoker.java:146)
	at org.testng.internal.TestMethodWorker.invokeTestMethods(TestMethodWorker.java:146)
	at org.testng.internal.TestMethodWorker.run(TestMethodWorker.java:128)
	at java.base/java.util.ArrayList.forEach(ArrayList.java:1540)
	at org.testng.TestRunner.privateRun(TestRunner.java:766)
	at org.testng.TestRunner.run(TestRunner.java:587)
	at org.testng.SuiteRunner.runTest(SuiteRunner.java:384)
	at org.testng.SuiteRunner.runSequentially(SuiteRunner.java:378)
	at org.testng.SuiteRunner.privateRun(SuiteRunner.java:337)
	at org.testng.SuiteRunner.run(SuiteRunner.java:286)
	at org.testng.SuiteRunnerWorker.runSuite(SuiteRunnerWorker.java:53)
	at org.testng.SuiteRunnerWorker.run(SuiteRunnerWorker.java:96)
	at org.testng.TestNG.runSuitesSequentially(TestNG.java:1187)
	at org.testng.TestNG.runSuitesLocally(TestNG.java:1109)
	at org.testng.TestNG.runSuites(TestNG.java:1039)
	at org.testng.TestNG.run(TestNG.java:1007)
	at org.testng.remote.AbstractRemoteTestNG.run(AbstractRemoteTestNG.java:115)
	at org.testng.remote.RemoteTestNG.initAndRun(RemoteTestNG.java:251)
	at org.testng.remote.RemoteTestNG.main(RemoteTestNG.java:77)
</pre></div></td>
<td>0</td>
<td>com.restapi_TestCases.TC004_update_Existing_EmployeeRecord@7c469c48</td></tr>
<tr>
<td title='com.restapi_TestCases.TC002_Get_Single_EmployeedDetails.checkResponseBody()'><b>checkResponseBody</b><br>Test class: com.restapi_TestCases.TC002_Get_Single_EmployeedDetails</td>
<td><div><pre>java.lang.AssertionError: expected [true] but found [false]
	at com.restapi_TestCases.TC002_Get_Single_EmployeedDetails.checkResponseBody(TC002_Get_Single_EmployeedDetails.java:40)
	at java.base/java.util.ArrayList.forEach(ArrayList.java:1540)
... Removed 32 stack frames</pre></div><a href='#' onClick='toggleBox("stack-trace1969875555", this, "Click to show all stack frames", "Click to hide stack frames")'>Click to show all stack frames</a>
<div class='stack-trace' id='stack-trace1969875555'><pre>java.lang.AssertionError: expected [true] but found [false]
	at org.testng.Assert.fail(Assert.java:97)
	at org.testng.Assert.assertEqualsImpl(Assert.java:136)
	at org.testng.Assert.assertEquals(Assert.java:118)
	at org.testng.Assert.assertEquals(Assert.java:751)
	at org.testng.Assert.assertEquals(Assert.java:761)
	at com.restapi_TestCases.TC002_Get_Single_EmployeedDetails.checkResponseBody(TC002_Get_Single_EmployeedDetails.java:40)
	at java.base/jdk.internal.reflect.NativeMethodAccessorImpl.invoke0(Native Method)
	at java.base/jdk.internal.reflect.NativeMethodAccessorImpl.invoke(NativeMethodAccessorImpl.java:62)
	at java.base/jdk.internal.reflect.DelegatingMethodAccessorImpl.invoke(DelegatingMethodAccessorImpl.java:43)
	at java.base/java.lang.reflect.Method.invoke(Method.java:567)
	at org.testng.internal.MethodInvocationHelper.invokeMethod(MethodInvocationHelper.java:134)
	at org.testng.internal.TestInvoker.invokeMethod(TestInvoker.java:597)
	at org.testng.internal.TestInvoker.invokeTestMethod(TestInvoker.java:173)
	at org.testng.internal.MethodRunner.runInSequence(MethodRunner.java:46)
	at org.testng.internal.TestInvoker$MethodInvocationAgent.invoke(TestInvoker.java:816)
	at org.testng.internal.TestInvoker.invokeTestMethods(TestInvoker.java:146)
	at org.testng.internal.TestMethodWorker.invokeTestMethods(TestMethodWorker.java:146)
	at org.testng.internal.TestMethodWorker.run(TestMethodWorker.java:128)
	at java.base/java.util.ArrayList.forEach(ArrayList.java:1540)
	at org.testng.TestRunner.privateRun(TestRunner.java:766)
	at org.testng.TestRunner.run(TestRunner.java:587)
	at org.testng.SuiteRunner.runTest(SuiteRunner.java:384)
	at org.testng.SuiteRunner.runSequentially(SuiteRunner.java:378)
	at org.testng.SuiteRunner.privateRun(SuiteRunner.java:337)
	at org.testng.SuiteRunner.run(SuiteRunner.java:286)
	at org.testng.SuiteRunnerWorker.runSuite(SuiteRunnerWorker.java:53)
	at org.testng.SuiteRunnerWorker.run(SuiteRunnerWorker.java:96)
	at org.testng.TestNG.runSuitesSequentially(TestNG.java:1187)
	at org.testng.TestNG.runSuitesLocally(TestNG.java:1109)
	at org.testng.TestNG.runSuites(TestNG.java:1039)
	at org.testng.TestNG.run(TestNG.java:1007)
	at org.testng.remote.AbstractRemoteTestNG.run(AbstractRemoteTestNG.java:115)
	at org.testng.remote.RemoteTestNG.initAndRun(RemoteTestNG.java:251)
	at org.testng.remote.RemoteTestNG.main(RemoteTestNG.java:77)
</pre></div></td>
<td>0</td>
<td>com.restapi_TestCases.TC002_Get_Single_EmployeedDetails@1ffe63b9</td></tr>
<tr>
<td title='com.restapi_TestCases.TC005_Delete_EmployeeRecord.checkResponseBody()'><b>checkResponseBody</b><br>Test class: com.restapi_TestCases.TC005_Delete_EmployeeRecord</td>
<td><div><pre>java.lang.AssertionError: expected [true] but found [false]
	at com.restapi_TestCases.TC005_Delete_EmployeeRecord.checkResponseBody(TC005_Delete_EmployeeRecord.java:49)
	at java.base/java.util.ArrayList.forEach(ArrayList.java:1540)
... Removed 32 stack frames</pre></div><a href='#' onClick='toggleBox("stack-trace1645557354", this, "Click to show all stack frames", "Click to hide stack frames")'>Click to show all stack frames</a>
<div class='stack-trace' id='stack-trace1645557354'><pre>java.lang.AssertionError: expected [true] but found [false]
	at org.testng.Assert.fail(Assert.java:97)
	at org.testng.Assert.assertEqualsImpl(Assert.java:136)
	at org.testng.Assert.assertEquals(Assert.java:118)
	at org.testng.Assert.assertEquals(Assert.java:751)
	at org.testng.Assert.assertEquals(Assert.java:761)
	at com.restapi_TestCases.TC005_Delete_EmployeeRecord.checkResponseBody(TC005_Delete_EmployeeRecord.java:49)
	at java.base/jdk.internal.reflect.NativeMethodAccessorImpl.invoke0(Native Method)
	at java.base/jdk.internal.reflect.NativeMethodAccessorImpl.invoke(NativeMethodAccessorImpl.java:62)
	at java.base/jdk.internal.reflect.DelegatingMethodAccessorImpl.invoke(DelegatingMethodAccessorImpl.java:43)
	at java.base/java.lang.reflect.Method.invoke(Method.java:567)
	at org.testng.internal.MethodInvocationHelper.invokeMethod(MethodInvocationHelper.java:134)
	at org.testng.internal.TestInvoker.invokeMethod(TestInvoker.java:597)
	at org.testng.internal.TestInvoker.invokeTestMethod(TestInvoker.java:173)
	at org.testng.internal.MethodRunner.runInSequence(MethodRunner.java:46)
	at org.testng.internal.TestInvoker$MethodInvocationAgent.invoke(TestInvoker.java:816)
	at org.testng.internal.TestInvoker.invokeTestMethods(TestInvoker.java:146)
	at org.testng.internal.TestMethodWorker.invokeTestMethods(TestMethodWorker.java:146)
	at org.testng.internal.TestMethodWorker.run(TestMethodWorker.java:128)
	at java.base/java.util.ArrayList.forEach(ArrayList.java:1540)
	at org.testng.TestRunner.privateRun(TestRunner.java:766)
	at org.testng.TestRunner.run(TestRunner.java:587)
	at org.testng.SuiteRunner.runTest(SuiteRunner.java:384)
	at org.testng.SuiteRunner.runSequentially(SuiteRunner.java:378)
	at org.testng.SuiteRunner.privateRun(SuiteRunner.java:337)
	at org.testng.SuiteRunner.run(SuiteRunner.java:286)
	at org.testng.SuiteRunnerWorker.runSuite(SuiteRunnerWorker.java:53)
	at org.testng.SuiteRunnerWorker.run(SuiteRunnerWorker.java:96)
	at org.testng.TestNG.runSuitesSequentially(TestNG.java:1187)
	at org.testng.TestNG.runSuitesLocally(TestNG.java:1109)
	at org.testng.TestNG.runSuites(TestNG.java:1039)
	at org.testng.TestNG.run(TestNG.java:1007)
	at org.testng.remote.AbstractRemoteTestNG.run(AbstractRemoteTestNG.java:115)
	at org.testng.remote.RemoteTestNG.initAndRun(RemoteTestNG.java:251)
	at org.testng.remote.RemoteTestNG.main(RemoteTestNG.java:77)
</pre></div></td>
<td>0</td>
<td>com.restapi_TestCases.TC005_Delete_EmployeeRecord@12e61fe6</td></tr>
<tr>
<td title='com.restapi_TestCases.TC002_Get_Single_EmployeedDetails.checkStatusCode()'><b>checkStatusCode</b><br>Test class: com.restapi_TestCases.TC002_Get_Single_EmployeedDetails</td>
<td><div><pre>java.lang.AssertionError: expected [200] but found [400]
	at com.restapi_TestCases.TC002_Get_Single_EmployeedDetails.checkStatusCode(TC002_Get_Single_EmployeedDetails.java:53)
	at java.base/java.util.ArrayList.forEach(ArrayList.java:1540)
... Removed 32 stack frames</pre></div><a href='#' onClick='toggleBox("stack-trace1289454852", this, "Click to show all stack frames", "Click to hide stack frames")'>Click to show all stack frames</a>
<div class='stack-trace' id='stack-trace1289454852'><pre>java.lang.AssertionError: expected [200] but found [400]
	at org.testng.Assert.fail(Assert.java:97)
	at org.testng.Assert.assertEqualsImpl(Assert.java:136)
	at org.testng.Assert.assertEquals(Assert.java:118)
	at org.testng.Assert.assertEquals(Assert.java:839)
	at org.testng.Assert.assertEquals(Assert.java:849)
	at com.restapi_TestCases.TC002_Get_Single_EmployeedDetails.checkStatusCode(TC002_Get_Single_EmployeedDetails.java:53)
	at java.base/jdk.internal.reflect.NativeMethodAccessorImpl.invoke0(Native Method)
	at java.base/jdk.internal.reflect.NativeMethodAccessorImpl.invoke(NativeMethodAccessorImpl.java:62)
	at java.base/jdk.internal.reflect.DelegatingMethodAccessorImpl.invoke(DelegatingMethodAccessorImpl.java:43)
	at java.base/java.lang.reflect.Method.invoke(Method.java:567)
	at org.testng.internal.MethodInvocationHelper.invokeMethod(MethodInvocationHelper.java:134)
	at org.testng.internal.TestInvoker.invokeMethod(TestInvoker.java:597)
	at org.testng.internal.TestInvoker.invokeTestMethod(TestInvoker.java:173)
	at org.testng.internal.MethodRunner.runInSequence(MethodRunner.java:46)
	at org.testng.internal.TestInvoker$MethodInvocationAgent.invoke(TestInvoker.java:816)
	at org.testng.internal.TestInvoker.invokeTestMethods(TestInvoker.java:146)
	at org.testng.internal.TestMethodWorker.invokeTestMethods(TestMethodWorker.java:146)
	at org.testng.internal.TestMethodWorker.run(TestMethodWorker.java:128)
	at java.base/java.util.ArrayList.forEach(ArrayList.java:1540)
	at org.testng.TestRunner.privateRun(TestRunner.java:766)
	at org.testng.TestRunner.run(TestRunner.java:587)
	at org.testng.SuiteRunner.runTest(SuiteRunner.java:384)
	at org.testng.SuiteRunner.runSequentially(SuiteRunner.java:378)
	at org.testng.SuiteRunner.privateRun(SuiteRunner.java:337)
	at org.testng.SuiteRunner.run(SuiteRunner.java:286)
	at org.testng.SuiteRunnerWorker.runSuite(SuiteRunnerWorker.java:53)
	at org.testng.SuiteRunnerWorker.run(SuiteRunnerWorker.java:96)
	at org.testng.TestNG.runSuitesSequentially(TestNG.java:1187)
	at org.testng.TestNG.runSuitesLocally(TestNG.java:1109)
	at org.testng.TestNG.runSuites(TestNG.java:1039)
	at org.testng.TestNG.run(TestNG.java:1007)
	at org.testng.remote.AbstractRemoteTestNG.run(AbstractRemoteTestNG.java:115)
	at org.testng.remote.RemoteTestNG.initAndRun(RemoteTestNG.java:251)
	at org.testng.remote.RemoteTestNG.main(RemoteTestNG.java:77)
</pre></div></td>
<td>0</td>
<td>com.restapi_TestCases.TC002_Get_Single_EmployeedDetails@1ffe63b9</td></tr>
<tr>
<td title='com.restapi_TestCases.TC004_update_Existing_EmployeeRecord.checkStatusCode()'><b>checkStatusCode</b><br>Test class: com.restapi_TestCases.TC004_update_Existing_EmployeeRecord</td>
<td><div><pre>java.lang.AssertionError: expected [200] but found [405]
	at com.restapi_TestCases.TC004_update_Existing_EmployeeRecord.checkStatusCode(TC004_update_Existing_EmployeeRecord.java:64)
	at java.base/java.util.ArrayList.forEach(ArrayList.java:1540)
... Removed 32 stack frames</pre></div><a href='#' onClick='toggleBox("stack-trace649681675", this, "Click to show all stack frames", "Click to hide stack frames")'>Click to show all stack frames</a>
<div class='stack-trace' id='stack-trace649681675'><pre>java.lang.AssertionError: expected [200] but found [405]
	at org.testng.Assert.fail(Assert.java:97)
	at org.testng.Assert.assertEqualsImpl(Assert.java:136)
	at org.testng.Assert.assertEquals(Assert.java:118)
	at org.testng.Assert.assertEquals(Assert.java:839)
	at org.testng.Assert.assertEquals(Assert.java:849)
	at com.restapi_TestCases.TC004_update_Existing_EmployeeRecord.checkStatusCode(TC004_update_Existing_EmployeeRecord.java:64)
	at java.base/jdk.internal.reflect.NativeMethodAccessorImpl.invoke0(Native Method)
	at java.base/jdk.internal.reflect.NativeMethodAccessorImpl.invoke(NativeMethodAccessorImpl.java:62)
	at java.base/jdk.internal.reflect.DelegatingMethodAccessorImpl.invoke(DelegatingMethodAccessorImpl.java:43)
	at java.base/java.lang.reflect.Method.invoke(Method.java:567)
	at org.testng.internal.MethodInvocationHelper.invokeMethod(MethodInvocationHelper.java:134)
	at org.testng.internal.TestInvoker.invokeMethod(TestInvoker.java:597)
	at org.testng.internal.TestInvoker.invokeTestMethod(TestInvoker.java:173)
	at org.testng.internal.MethodRunner.runInSequence(MethodRunner.java:46)
	at org.testng.internal.TestInvoker$MethodInvocationAgent.invoke(TestInvoker.java:816)
	at org.testng.internal.TestInvoker.invokeTestMethods(TestInvoker.java:146)
	at org.testng.internal.TestMethodWorker.invokeTestMethods(TestMethodWorker.java:146)
	at org.testng.internal.TestMethodWorker.run(TestMethodWorker.java:128)
	at java.base/java.util.ArrayList.forEach(ArrayList.java:1540)
	at org.testng.TestRunner.privateRun(TestRunner.java:766)
	at org.testng.TestRunner.run(TestRunner.java:587)
	at org.testng.SuiteRunner.runTest(SuiteRunner.java:384)
	at org.testng.SuiteRunner.runSequentially(SuiteRunner.java:378)
	at org.testng.SuiteRunner.privateRun(SuiteRunner.java:337)
	at org.testng.SuiteRunner.run(SuiteRunner.java:286)
	at org.testng.SuiteRunnerWorker.runSuite(SuiteRunnerWorker.java:53)
	at org.testng.SuiteRunnerWorker.run(SuiteRunnerWorker.java:96)
	at org.testng.TestNG.runSuitesSequentially(TestNG.java:1187)
	at org.testng.TestNG.runSuitesLocally(TestNG.java:1109)
	at org.testng.TestNG.runSuites(TestNG.java:1039)
	at org.testng.TestNG.run(TestNG.java:1007)
	at org.testng.remote.AbstractRemoteTestNG.run(AbstractRemoteTestNG.java:115)
	at org.testng.remote.RemoteTestNG.initAndRun(RemoteTestNG.java:251)
	at org.testng.remote.RemoteTestNG.main(RemoteTestNG.java:77)
</pre></div></td>
<td>0</td>
<td>com.restapi_TestCases.TC004_update_Existing_EmployeeRecord@7c469c48</td></tr>
<tr>
<td title='com.restapi_TestCases.TC002_Get_Single_EmployeedDetails.checkStatusLine()'><b>checkStatusLine</b><br>Test class: com.restapi_TestCases.TC002_Get_Single_EmployeedDetails</td>
<td><div><pre>java.lang.AssertionError: expected [HTTP/1.1 200 OK] but found [HTTP/1.1 400 Bad Request]
	at com.restapi_TestCases.TC002_Get_Single_EmployeedDetails.checkStatusLine(TC002_Get_Single_EmployeedDetails.java:78)
	at java.base/java.util.ArrayList.forEach(ArrayList.java:1540)
... Removed 32 stack frames</pre></div><a href='#' onClick='toggleBox("stack-trace271944754", this, "Click to show all stack frames", "Click to hide stack frames")'>Click to show all stack frames</a>
<div class='stack-trace' id='stack-trace271944754'><pre>java.lang.AssertionError: expected [HTTP/1.1 200 OK] but found [HTTP/1.1 400 Bad Request]
	at org.testng.Assert.fail(Assert.java:97)
	at org.testng.Assert.assertEqualsImpl(Assert.java:136)
	at org.testng.Assert.assertEquals(Assert.java:118)
	at org.testng.Assert.assertEquals(Assert.java:575)
	at org.testng.Assert.assertEquals(Assert.java:585)
	at com.restapi_TestCases.TC002_Get_Single_EmployeedDetails.checkStatusLine(TC002_Get_Single_EmployeedDetails.java:78)
	at java.base/jdk.internal.reflect.NativeMethodAccessorImpl.invoke0(Native Method)
	at java.base/jdk.internal.reflect.NativeMethodAccessorImpl.invoke(NativeMethodAccessorImpl.java:62)
	at java.base/jdk.internal.reflect.DelegatingMethodAccessorImpl.invoke(DelegatingMethodAccessorImpl.java:43)
	at java.base/java.lang.reflect.Method.invoke(Method.java:567)
	at org.testng.internal.MethodInvocationHelper.invokeMethod(MethodInvocationHelper.java:134)
	at org.testng.internal.TestInvoker.invokeMethod(TestInvoker.java:597)
	at org.testng.internal.TestInvoker.invokeTestMethod(TestInvoker.java:173)
	at org.testng.internal.MethodRunner.runInSequence(MethodRunner.java:46)
	at org.testng.internal.TestInvoker$MethodInvocationAgent.invoke(TestInvoker.java:816)
	at org.testng.internal.TestInvoker.invokeTestMethods(TestInvoker.java:146)
	at org.testng.internal.TestMethodWorker.invokeTestMethods(TestMethodWorker.java:146)
	at org.testng.internal.TestMethodWorker.run(TestMethodWorker.java:128)
	at java.base/java.util.ArrayList.forEach(ArrayList.java:1540)
	at org.testng.TestRunner.privateRun(TestRunner.java:766)
	at org.testng.TestRunner.run(TestRunner.java:587)
	at org.testng.SuiteRunner.runTest(SuiteRunner.java:384)
	at org.testng.SuiteRunner.runSequentially(SuiteRunner.java:378)
	at org.testng.SuiteRunner.privateRun(SuiteRunner.java:337)
	at org.testng.SuiteRunner.run(SuiteRunner.java:286)
	at org.testng.SuiteRunnerWorker.runSuite(SuiteRunnerWorker.java:53)
	at org.testng.SuiteRunnerWorker.run(SuiteRunnerWorker.java:96)
	at org.testng.TestNG.runSuitesSequentially(TestNG.java:1187)
	at org.testng.TestNG.runSuitesLocally(TestNG.java:1109)
	at org.testng.TestNG.runSuites(TestNG.java:1039)
	at org.testng.TestNG.run(TestNG.java:1007)
	at org.testng.remote.AbstractRemoteTestNG.run(AbstractRemoteTestNG.java:115)
	at org.testng.remote.RemoteTestNG.initAndRun(RemoteTestNG.java:251)
	at org.testng.remote.RemoteTestNG.main(RemoteTestNG.java:77)
</pre></div></td>
<td>0</td>
<td>com.restapi_TestCases.TC002_Get_Single_EmployeedDetails@1ffe63b9</td></tr>
<tr>
<td title='com.restapi_TestCases.TC004_update_Existing_EmployeeRecord.postRequestValidation()'><b>postRequestValidation</b><br>Test class: com.restapi_TestCases.TC004_update_Existing_EmployeeRecord</td>
<td><div><pre>java.lang.AssertionError: expected [true] but found [false]
	at com.restapi_TestCases.TC004_update_Existing_EmployeeRecord.postRequestValidation(TC004_update_Existing_EmployeeRecord.java:53)
	at java.base/java.util.ArrayList.forEach(ArrayList.java:1540)
... Removed 32 stack frames</pre></div><a href='#' onClick='toggleBox("stack-trace975354582", this, "Click to show all stack frames", "Click to hide stack frames")'>Click to show all stack frames</a>
<div class='stack-trace' id='stack-trace975354582'><pre>java.lang.AssertionError: expected [true] but found [false]
	at org.testng.Assert.fail(Assert.java:97)
	at org.testng.Assert.assertEqualsImpl(Assert.java:136)
	at org.testng.Assert.assertEquals(Assert.java:118)
	at org.testng.Assert.assertEquals(Assert.java:751)
	at org.testng.Assert.assertEquals(Assert.java:761)
	at com.restapi_TestCases.TC004_update_Existing_EmployeeRecord.postRequestValidation(TC004_update_Existing_EmployeeRecord.java:53)
	at java.base/jdk.internal.reflect.NativeMethodAccessorImpl.invoke0(Native Method)
	at java.base/jdk.internal.reflect.NativeMethodAccessorImpl.invoke(NativeMethodAccessorImpl.java:62)
	at java.base/jdk.internal.reflect.DelegatingMethodAccessorImpl.invoke(DelegatingMethodAccessorImpl.java:43)
	at java.base/java.lang.reflect.Method.invoke(Method.java:567)
	at org.testng.internal.MethodInvocationHelper.invokeMethod(MethodInvocationHelper.java:134)
	at org.testng.internal.TestInvoker.invokeMethod(TestInvoker.java:597)
	at org.testng.internal.TestInvoker.invokeTestMethod(TestInvoker.java:173)
	at org.testng.internal.MethodRunner.runInSequence(MethodRunner.java:46)
	at org.testng.internal.TestInvoker$MethodInvocationAgent.invoke(TestInvoker.java:816)
	at org.testng.internal.TestInvoker.invokeTestMethods(TestInvoker.java:146)
	at org.testng.internal.TestMethodWorker.invokeTestMethods(TestMethodWorker.java:146)
	at org.testng.internal.TestMethodWorker.run(TestMethodWorker.java:128)
	at java.base/java.util.ArrayList.forEach(ArrayList.java:1540)
	at org.testng.TestRunner.privateRun(TestRunner.java:766)
	at org.testng.TestRunner.run(TestRunner.java:587)
	at org.testng.SuiteRunner.runTest(SuiteRunner.java:384)
	at org.testng.SuiteRunner.runSequentially(SuiteRunner.java:378)
	at org.testng.SuiteRunner.privateRun(SuiteRunner.java:337)
	at org.testng.SuiteRunner.run(SuiteRunner.java:286)
	at org.testng.SuiteRunnerWorker.runSuite(SuiteRunnerWorker.java:53)
	at org.testng.SuiteRunnerWorker.run(SuiteRunnerWorker.java:96)
	at org.testng.TestNG.runSuitesSequentially(TestNG.java:1187)
	at org.testng.TestNG.runSuitesLocally(TestNG.java:1109)
	at org.testng.TestNG.runSuites(TestNG.java:1039)
	at org.testng.TestNG.run(TestNG.java:1007)
	at org.testng.remote.AbstractRemoteTestNG.run(AbstractRemoteTestNG.java:115)
	at org.testng.remote.RemoteTestNG.initAndRun(RemoteTestNG.java:251)
	at org.testng.remote.RemoteTestNG.main(RemoteTestNG.java:77)
</pre></div></td>
<td>0</td>
<td>com.restapi_TestCases.TC004_update_Existing_EmployeeRecord@7c469c48</td></tr>
</table><p>
<table width='100%' border='1' class='invocation-passed'>
<tr><td colspan='4' align='center'><b>PASSED TESTS</b></td></tr>
<tr><td><b>Test method</b></td>
<td width="30%"><b>Exception</b></td>
<td width="10%"><b>Time (seconds)</b></td>
<td><b>Instance</b></td>
</tr>
<tr>
<td title='com.restapi_TestCases.TC001_Get_All_Employees.checkContentEncodeType()'><b>checkContentEncodeType</b><br>Test class: com.restapi_TestCases.TC001_Get_All_Employees</td>
<td></td>
<td>0</td>
<td>com.restapi_TestCases.TC001_Get_All_Employees@5dd6264</td></tr>
<tr>
<td title='com.restapi_TestCases.TC005_Delete_EmployeeRecord.checkContentEncodeType()'><b>checkContentEncodeType</b><br>Test class: com.restapi_TestCases.TC005_Delete_EmployeeRecord</td>
<td></td>
<td>0</td>
<td>com.restapi_TestCases.TC005_Delete_EmployeeRecord@12e61fe6</td></tr>
<tr>
<td title='com.restapi_TestCases.TC004_update_Existing_EmployeeRecord.checkContentEncodingType()'><b>checkContentEncodingType</b><br>Test class: com.restapi_TestCases.TC004_update_Existing_EmployeeRecord</td>
<td></td>
<td>0</td>
<td>com.restapi_TestCases.TC004_update_Existing_EmployeeRecord@7c469c48</td></tr>
<tr>
<td title='com.restapi_TestCases.TC001_Get_All_Employees.checkContentLength()'><b>checkContentLength</b><br>Test class: com.restapi_TestCases.TC001_Get_All_Employees</td>
<td></td>
<td>0</td>
<td>com.restapi_TestCases.TC001_Get_All_Employees@5dd6264</td></tr>
<tr>
<td title='com.restapi_TestCases.TC002_Get_Single_EmployeedDetails.checkContentLength()'><b>checkContentLength</b><br>Test class: com.restapi_TestCases.TC002_Get_Single_EmployeedDetails</td>
<td></td>
<td>0</td>
<td>com.restapi_TestCases.TC002_Get_Single_EmployeedDetails@1ffe63b9</td></tr>
<tr>
<td title='com.restapi_TestCases.TC005_Delete_EmployeeRecord.checkContentLength()'><b>checkContentLength</b><br>Test class: com.restapi_TestCases.TC005_Delete_EmployeeRecord</td>
<td></td>
<td>0</td>
<td>com.restapi_TestCases.TC005_Delete_EmployeeRecord@12e61fe6</td></tr>
<tr>
<td title='com.restapi_TestCases.TC003_Post_New_Employee.checkContentType()'><b>checkContentType</b><br>Test class: com.restapi_TestCases.TC003_Post_New_Employee</td>
<td></td>
<td>0</td>
<td>com.restapi_TestCases.TC003_Post_New_Employee@51e5fc98</td></tr>
<tr>
<td title='com.restapi_TestCases.TC001_Get_All_Employees.checkCookies()'><b>checkCookies</b><br>Test class: com.restapi_TestCases.TC001_Get_All_Employees</td>
<td></td>
<td>0</td>
<td>com.restapi_TestCases.TC001_Get_All_Employees@5dd6264</td></tr>
<tr>
<td title='com.restapi_TestCases.TC002_Get_Single_EmployeedDetails.checkCookies()'><b>checkCookies</b><br>Test class: com.restapi_TestCases.TC002_Get_Single_EmployeedDetails</td>
<td></td>
<td>0</td>
<td>com.restapi_TestCases.TC002_Get_Single_EmployeedDetails@1ffe63b9</td></tr>
<tr>
<td title='com.restapi_TestCases.TC005_Delete_EmployeeRecord.checkCookies()'><b>checkCookies</b><br>Test class: com.restapi_TestCases.TC005_Delete_EmployeeRecord</td>
<td></td>
<td>0</td>
<td>com.restapi_TestCases.TC005_Delete_EmployeeRecord@12e61fe6</td></tr>
<tr>
<td title='com.restapi_TestCases.TC001_Get_All_Employees.checkReponseTime()'><b>checkReponseTime</b><br>Test class: com.restapi_TestCases.TC001_Get_All_Employees</td>
<td></td>
<td>0</td>
<td>com.restapi_TestCases.TC001_Get_All_Employees@5dd6264</td></tr>
<tr>
<td title='com.restapi_TestCases.TC002_Get_Single_EmployeedDetails.checkReponseTime()'><b>checkReponseTime</b><br>Test class: com.restapi_TestCases.TC002_Get_Single_EmployeedDetails</td>
<td></td>
<td>0</td>
<td>com.restapi_TestCases.TC002_Get_Single_EmployeedDetails@1ffe63b9</td></tr>
<tr>
<td title='com.restapi_TestCases.TC005_Delete_EmployeeRecord.checkReponseTime()'><b>checkReponseTime</b><br>Test class: com.restapi_TestCases.TC005_Delete_EmployeeRecord</td>
<td></td>
<td>0</td>
<td>com.restapi_TestCases.TC005_Delete_EmployeeRecord@12e61fe6</td></tr>
<tr>
<td title='com.restapi_TestCases.TC001_Get_All_Employees.checkResponseBody()'><b>checkResponseBody</b><br>Test class: com.restapi_TestCases.TC001_Get_All_Employees</td>
<td></td>
<td>0</td>
<td>com.restapi_TestCases.TC001_Get_All_Employees@5dd6264</td></tr>
<tr>
<td title='com.restapi_TestCases.TC001_Get_All_Employees.checkServerType()'><b>checkServerType</b><br>Test class: com.restapi_TestCases.TC001_Get_All_Employees</td>
<td></td>
<td>0</td>
<td>com.restapi_TestCases.TC001_Get_All_Employees@5dd6264</td></tr>
<tr>
<td title='com.restapi_TestCases.TC002_Get_Single_EmployeedDetails.checkServerType()'><b>checkServerType</b><br>Test class: com.restapi_TestCases.TC002_Get_Single_EmployeedDetails</td>
<td></td>
<td>0</td>
<td>com.restapi_TestCases.TC002_Get_Single_EmployeedDetails@1ffe63b9</td></tr>
<tr>
<td title='com.restapi_TestCases.TC003_Post_New_Employee.checkServerType()'><b>checkServerType</b><br>Test class: com.restapi_TestCases.TC003_Post_New_Employee</td>
<td></td>
<td>0</td>
<td>com.restapi_TestCases.TC003_Post_New_Employee@51e5fc98</td></tr>
<tr>
<td title='com.restapi_TestCases.TC004_update_Existing_EmployeeRecord.checkServerType()'><b>checkServerType</b><br>Test class: com.restapi_TestCases.TC004_update_Existing_EmployeeRecord</td>
<td></td>
<td>0</td>
<td>com.restapi_TestCases.TC004_update_Existing_EmployeeRecord@7c469c48</td></tr>
<tr>
<td title='com.restapi_TestCases.TC005_Delete_EmployeeRecord.checkServerType()'><b>checkServerType</b><br>Test class: com.restapi_TestCases.TC005_Delete_EmployeeRecord</td>
<td></td>
<td>0</td>
<td>com.restapi_TestCases.TC005_Delete_EmployeeRecord@12e61fe6</td></tr>
<tr>
<td title='com.restapi_TestCases.TC001_Get_All_Employees.checkStatusCode()'><b>checkStatusCode</b><br>Test class: com.restapi_TestCases.TC001_Get_All_Employees</td>
<td></td>
<td>0</td>
<td>com.restapi_TestCases.TC001_Get_All_Employees@5dd6264</td></tr>
<tr>
<td title='com.restapi_TestCases.TC003_Post_New_Employee.checkStatusCode()'><b>checkStatusCode</b><br>Test class: com.restapi_TestCases.TC003_Post_New_Employee</td>
<td></td>
<td>0</td>
<td>com.restapi_TestCases.TC003_Post_New_Employee@51e5fc98</td></tr>
<tr>
<td title='com.restapi_TestCases.TC005_Delete_EmployeeRecord.checkStatusCode()'><b>checkStatusCode</b><br>Test class: com.restapi_TestCases.TC005_Delete_EmployeeRecord</td>
<td></td>
<td>0</td>
<td>com.restapi_TestCases.TC005_Delete_EmployeeRecord@12e61fe6</td></tr>
<tr>
<td title='com.restapi_TestCases.TC001_Get_All_Employees.checkStatusLine()'><b>checkStatusLine</b><br>Test class: com.restapi_TestCases.TC001_Get_All_Employees</td>
<td></td>
<td>0</td>
<td>com.restapi_TestCases.TC001_Get_All_Employees@5dd6264</td></tr>
<tr>
<td title='com.restapi_TestCases.TC003_Post_New_Employee.checkStatusLine()'><b>checkStatusLine</b><br>Test class: com.restapi_TestCases.TC003_Post_New_Employee</td>
<td></td>
<td>0</td>
<td>com.restapi_TestCases.TC003_Post_New_Employee@51e5fc98</td></tr>
<tr>
<td title='com.restapi_TestCases.TC004_update_Existing_EmployeeRecord.checkStatusLine()'><b>checkStatusLine</b><br>Test class: com.restapi_TestCases.TC004_update_Existing_EmployeeRecord</td>
<td></td>
<td>0</td>
<td>com.restapi_TestCases.TC004_update_Existing_EmployeeRecord@7c469c48</td></tr>
<tr>
<td title='com.restapi_TestCases.TC005_Delete_EmployeeRecord.checkStatusLine()'><b>checkStatusLine</b><br>Test class: com.restapi_TestCases.TC005_Delete_EmployeeRecord</td>
<td></td>
<td>0</td>
<td>com.restapi_TestCases.TC005_Delete_EmployeeRecord@12e61fe6</td></tr>
<tr>
<td title='com.restapi_TestCases.TC001_Get_All_Employees.checkTheContentType()'><b>checkTheContentType</b><br>Test class: com.restapi_TestCases.TC001_Get_All_Employees</td>
<td></td>
<td>0</td>
<td>com.restapi_TestCases.TC001_Get_All_Employees@5dd6264</td></tr>
<tr>
<td title='com.restapi_TestCases.TC002_Get_Single_EmployeedDetails.checkTheContentType()'><b>checkTheContentType</b><br>Test class: com.restapi_TestCases.TC002_Get_Single_EmployeedDetails</td>
<td></td>
<td>0</td>
<td>com.restapi_TestCases.TC002_Get_Single_EmployeedDetails@1ffe63b9</td></tr>
<tr>
<td title='com.restapi_TestCases.TC005_Delete_EmployeeRecord.checkTheContentType()'><b>checkTheContentType</b><br>Test class: com.restapi_TestCases.TC005_Delete_EmployeeRecord</td>
<td></td>
<td>0</td>
<td>com.restapi_TestCases.TC005_Delete_EmployeeRecord@12e61fe6</td></tr>
<tr>
<td title='com.restapi_TestCases.TC003_Post_New_Employee.postRequestValidation()'><b>postRequestValidation</b><br>Test class: com.restapi_TestCases.TC003_Post_New_Employee</td>
<td></td>
<td>0</td>
<td>com.restapi_TestCases.TC003_Post_New_Employee@51e5fc98</td></tr>
</table><p>
</body>
</html>